<?xml version="1.0" encoding="UTF-8"?>
<testsuite name="pl.edu.pjwstk.pro.TestRegistrationAndLogin" tests="5" skipped="0" failures="0" errors="0" timestamp="2021-12-29T14:46:31" hostname="LAPTOP-7ML77JRI" time="2.701">
  <properties/>
  <testcase name="siteShouldBeAllowedForEveryoneWithoutAuthenticate" classname="pl.edu.pjwstk.pro.TestRegistrationAndLogin" time="0.604"/>
  <testcase name="thisIsForAdminMethodShouldReturn200AsAdmin" classname="pl.edu.pjwstk.pro.TestRegistrationAndLogin" time="0.15"/>
  <testcase name="thisIsForAdminMethodShouldReturn403AsUser" classname="pl.edu.pjwstk.pro.TestRegistrationAndLogin" time="0.175"/>
  <testcase name="wrongLoginParamsShouldReturnStatusCode401" classname="pl.edu.pjwstk.pro.TestRegistrationAndLogin" time="0.031"/>
  <testcase name="testRegistrationShouldReturn200AndGetRoleAsUser" classname="pl.edu.pjwstk.pro.TestRegistrationAndLogin" time="1.739"/>
  <system-out><![CDATA[15:46:09.152 [Test worker] DEBUG org.springframework.test.context.junit4.SpringJUnit4ClassRunner - SpringJUnit4ClassRunner constructor called with [class pl.edu.pjwstk.pro.TestRegistrationAndLogin]
15:46:09.164 [Test worker] DEBUG org.springframework.test.context.BootstrapUtils - Instantiating CacheAwareContextLoaderDelegate from class [org.springframework.test.context.cache.DefaultCacheAwareContextLoaderDelegate]
15:46:09.176 [Test worker] DEBUG org.springframework.test.context.BootstrapUtils - Instantiating BootstrapContext using constructor [public org.springframework.test.context.support.DefaultBootstrapContext(java.lang.Class,org.springframework.test.context.CacheAwareContextLoaderDelegate)]
15:46:09.222 [Test worker] DEBUG org.springframework.test.context.BootstrapUtils - Instantiating TestContextBootstrapper for test class [pl.edu.pjwstk.pro.TestRegistrationAndLogin] from class [org.springframework.boot.test.context.SpringBootTestContextBootstrapper]
15:46:09.240 [Test worker] INFO org.springframework.boot.test.context.SpringBootTestContextBootstrapper - Neither @ContextConfiguration nor @ContextHierarchy found for test class [pl.edu.pjwstk.pro.TestRegistrationAndLogin], using SpringBootContextLoader
15:46:09.246 [Test worker] DEBUG org.springframework.test.context.support.AbstractContextLoader - Did not detect default resource location for test class [pl.edu.pjwstk.pro.TestRegistrationAndLogin]: class path resource [pl/edu/pjwstk/pro/TestRegistrationAndLogin-context.xml] does not exist
15:46:09.246 [Test worker] DEBUG org.springframework.test.context.support.AbstractContextLoader - Did not detect default resource location for test class [pl.edu.pjwstk.pro.TestRegistrationAndLogin]: class path resource [pl/edu/pjwstk/pro/TestRegistrationAndLoginContext.groovy] does not exist
15:46:09.246 [Test worker] INFO org.springframework.test.context.support.AbstractContextLoader - Could not detect default resource locations for test class [pl.edu.pjwstk.pro.TestRegistrationAndLogin]: no resource found for suffixes {-context.xml, Context.groovy}.
15:46:09.249 [Test worker] INFO org.springframework.test.context.support.AnnotationConfigContextLoaderUtils - Could not detect default configuration classes for test class [pl.edu.pjwstk.pro.TestRegistrationAndLogin]: TestRegistrationAndLogin does not declare any static, non-private, non-final, nested classes annotated with @Configuration.
15:46:09.429 [Test worker] DEBUG org.springframework.context.annotation.ClassPathScanningCandidateComponentProvider - Identified candidate component class: file [C:\Users\Lenovo E580\Desktop\PRO_Cinema\app\build\classes\java\main\pl\edu\pjwstk\pro\App.class]
15:46:09.465 [Test worker] INFO org.springframework.boot.test.context.SpringBootTestContextBootstrapper - Found @SpringBootConfiguration pl.edu.pjwstk.pro.App for test class pl.edu.pjwstk.pro.TestRegistrationAndLogin
15:46:09.609 [Test worker] DEBUG org.springframework.boot.test.context.SpringBootTestContextBootstrapper - Merging default listeners with listeners configured via @TestExecutionListeners for class [pl.edu.pjwstk.pro.TestRegistrationAndLogin].
15:46:09.609 [Test worker] INFO org.springframework.boot.test.context.SpringBootTestContextBootstrapper - Loaded default TestExecutionListener class names from location [META-INF/spring.factories]: [org.springframework.boot.test.autoconfigure.restdocs.RestDocsTestExecutionListener, org.springframework.boot.test.autoconfigure.web.client.MockRestServiceServerResetTestExecutionListener, org.springframework.boot.test.autoconfigure.web.servlet.MockMvcPrintOnlyOnFailureTestExecutionListener, org.springframework.boot.test.autoconfigure.web.servlet.WebDriverTestExecutionListener, org.springframework.boot.test.autoconfigure.webservices.client.MockWebServiceServerTestExecutionListener, org.springframework.boot.test.mock.mockito.MockitoTestExecutionListener, org.springframework.boot.test.mock.mockito.ResetMocksTestExecutionListener, org.springframework.test.context.web.ServletTestExecutionListener, org.springframework.test.context.support.DirtiesContextBeforeModesTestExecutionListener, org.springframework.test.context.support.DependencyInjectionTestExecutionListener, org.springframework.test.context.support.DirtiesContextTestExecutionListener, org.springframework.test.context.transaction.TransactionalTestExecutionListener, org.springframework.test.context.jdbc.SqlScriptsTestExecutionListener, org.springframework.test.context.event.EventPublishingTestExecutionListener]
15:46:09.630 [Test worker] INFO org.springframework.boot.test.context.SpringBootTestContextBootstrapper - Using TestExecutionListeners: [org.springframework.test.context.web.ServletTestExecutionListener@3cfba0ca, org.springframework.test.context.support.DirtiesContextBeforeModesTestExecutionListener@4a26b6a1, org.springframework.boot.test.mock.mockito.MockitoTestExecutionListener@76803053, org.springframework.boot.test.autoconfigure.SpringBootDependencyInjectionTestExecutionListener@107c4cd0, org.springframework.test.context.support.DirtiesContextTestExecutionListener@716053e5, org.springframework.test.context.transaction.TransactionalTestExecutionListener@e8c70d6, org.springframework.test.context.jdbc.SqlScriptsTestExecutionListener@7979dbfc, org.springframework.test.context.event.EventPublishingTestExecutionListener@b1112cf, org.springframework.boot.test.autoconfigure.restdocs.RestDocsTestExecutionListener@789d8733, org.springframework.boot.test.autoconfigure.web.client.MockRestServiceServerResetTestExecutionListener@15fa5236, org.springframework.boot.test.autoconfigure.web.servlet.MockMvcPrintOnlyOnFailureTestExecutionListener@226bdd4e, org.springframework.boot.test.autoconfigure.web.servlet.WebDriverTestExecutionListener@21ef24a6, org.springframework.boot.test.autoconfigure.webservices.client.MockWebServiceServerTestExecutionListener@355f8bb7, org.springframework.boot.test.mock.mockito.ResetMocksTestExecutionListener@727314c8, pl.edu.pjwstk.pro.config.RestAssurePortListener@e0e2665, pl.edu.pjwstk.pro.config.TestContextHolder@561cf916]
15:46:09.633 [Test worker] DEBUG org.springframework.test.annotation.ProfileValueUtils - Retrieved @ProfileValueSourceConfiguration [null] for test class [pl.edu.pjwstk.pro.TestRegistrationAndLogin]
15:46:09.633 [Test worker] DEBUG org.springframework.test.annotation.ProfileValueUtils - Retrieved ProfileValueSource type [class org.springframework.test.annotation.SystemProfileValueSource] for class [pl.edu.pjwstk.pro.TestRegistrationAndLogin]
15:46:09.639 [Test worker] DEBUG org.springframework.test.annotation.ProfileValueUtils - Retrieved @ProfileValueSourceConfiguration [null] for test class [pl.edu.pjwstk.pro.TestRegistrationAndLogin]
15:46:09.639 [Test worker] DEBUG org.springframework.test.annotation.ProfileValueUtils - Retrieved ProfileValueSource type [class org.springframework.test.annotation.SystemProfileValueSource] for class [pl.edu.pjwstk.pro.TestRegistrationAndLogin]
15:46:09.639 [Test worker] DEBUG org.springframework.test.annotation.ProfileValueUtils - Retrieved @ProfileValueSourceConfiguration [null] for test class [pl.edu.pjwstk.pro.TestRegistrationAndLogin]
15:46:09.639 [Test worker] DEBUG org.springframework.test.annotation.ProfileValueUtils - Retrieved ProfileValueSource type [class org.springframework.test.annotation.SystemProfileValueSource] for class [pl.edu.pjwstk.pro.TestRegistrationAndLogin]
15:46:09.645 [Test worker] DEBUG org.springframework.test.context.support.AbstractDirtiesContextTestExecutionListener - Before test class: context [DefaultTestContext@535b4971 testClass = TestRegistrationAndLogin, testInstance = [null], testMethod = [null], testException = [null], mergedContextConfiguration = [WebMergedContextConfiguration@606f8aa9 testClass = TestRegistrationAndLogin, locations = '{}', classes = '{class pl.edu.pjwstk.pro.App}', contextInitializerClasses = '[]', activeProfiles = '{test, noSecurity}', propertySourceLocations = '{}', propertySourceProperties = '{org.springframework.boot.test.context.SpringBootTestContextBootstrapper=true, server.port=0}', contextCustomizers = set[org.springframework.boot.test.autoconfigure.properties.PropertyMappingContextCustomizer@0, org.springframework.boot.test.autoconfigure.web.servlet.WebDriverContextCustomizerFactory$Customizer@53e93647, org.springframework.boot.test.context.filter.ExcludeFilterContextCustomizer@1322162f, org.springframework.boot.test.json.DuplicateJsonObjectContextCustomizerFactory$DuplicateJsonObjectContextCustomizer@1bf887a8, org.springframework.boot.test.mock.mockito.MockitoContextCustomizer@0, org.springframework.boot.test.web.client.TestRestTemplateContextCustomizer@5e55ce, org.springframework.boot.test.context.SpringBootTestArgs@1], resourceBasePath = 'src/main/webapp', contextLoader = 'org.springframework.boot.test.context.SpringBootContextLoader', parent = [null]], attributes = map['org.springframework.test.context.web.ServletTestExecutionListener.activateListener' -> false]], class annotated with @DirtiesContext [false] with mode [null].
15:46:09.672 [Test worker] DEBUG org.springframework.core.env.StandardEnvironment - Activating profiles [test, noSecurity]
15:46:09.678 [Test worker] DEBUG org.springframework.test.context.support.TestPropertySourceUtils - Adding inlined properties to environment: {spring.jmx.enabled=false, org.springframework.boot.test.context.SpringBootTestContextBootstrapper=true, server.port=0}

  .   ____          _            __ _ _
 /\\ / ___'_ __ _ _(_)_ __  __ _ \ \ \ \
( ( )\___ | '_ | '_| | '_ \/ _` | \ \ \ \
 \\/  ___)| |_)| | | | | || (_| |  ) ) ) )
  '  |____| .__|_| |_|_| |_\__, | / / / /
 =========|_|==============|___/=/_/_/_/
 :: Spring Boot ::        (v2.3.3.RELEASE)

2021-12-29 15:46:10.214  INFO 20100 --- [    Test worker] p.e.pjwstk.pro.TestRegistrationAndLogin  : Starting TestRegistrationAndLogin on LAPTOP-7ML77JRI with PID 20100 (started by Lenovo E580 in C:\Users\Lenovo E580\Desktop\PRO_Cinema\app)
2021-12-29 15:46:10.215  INFO 20100 --- [    Test worker] p.e.pjwstk.pro.TestRegistrationAndLogin  : The following profiles are active: test,noSecurity
2021-12-29 15:46:11.269  INFO 20100 --- [    Test worker] .s.d.r.c.RepositoryConfigurationDelegate : Bootstrapping Spring Data JPA repositories in DEFERRED mode.
2021-12-29 15:46:11.344  INFO 20100 --- [    Test worker] .s.d.r.c.RepositoryConfigurationDelegate : Finished Spring Data repository scanning in 64ms. Found 1 JPA repository interfaces.
2021-12-29 15:46:11.802  INFO 20100 --- [    Test worker] trationDelegate$BeanPostProcessorChecker : Bean 'org.springframework.security.access.expression.method.DefaultMethodSecurityExpressionHandler@6c7408ed' of type [org.springframework.security.access.expression.method.DefaultMethodSecurityExpressionHandler] is not eligible for getting processed by all BeanPostProcessors (for example: not eligible for auto-proxying)
2021-12-29 15:46:11.820  INFO 20100 --- [    Test worker] trationDelegate$BeanPostProcessorChecker : Bean 'methodSecurityMetadataSource' of type [org.springframework.security.access.method.DelegatingMethodSecurityMetadataSource] is not eligible for getting processed by all BeanPostProcessors (for example: not eligible for auto-proxying)
2021-12-29 15:46:12.265  INFO 20100 --- [    Test worker] o.s.b.w.embedded.tomcat.TomcatWebServer  : Tomcat initialized with port(s): 0 (http)
2021-12-29 15:46:12.280  INFO 20100 --- [    Test worker] o.apache.catalina.core.StandardService   : Starting service [Tomcat]
2021-12-29 15:46:12.280  INFO 20100 --- [    Test worker] org.apache.catalina.core.StandardEngine  : Starting Servlet engine: [Apache Tomcat/9.0.37]
2021-12-29 15:46:12.503  INFO 20100 --- [    Test worker] o.a.c.c.C.[Tomcat].[localhost].[/api]    : Initializing Spring embedded WebApplicationContext
2021-12-29 15:46:12.503  INFO 20100 --- [    Test worker] w.s.c.ServletWebServerApplicationContext : Root WebApplicationContext: initialization completed in 2003 ms
2021-12-29 15:46:12.814  INFO 20100 --- [    Test worker] com.zaxxer.hikari.HikariDataSource       : HikariPool-1 - Starting...
2021-12-29 15:46:12.966  INFO 20100 --- [    Test worker] o.t.d.DockerClientProviderStrategy       : Loaded org.testcontainers.dockerclient.NpipeSocketClientProviderStrategy from ~/.testcontainers.properties, will try it first
2021-12-29 15:46:14.112  INFO 20100 --- [    Test worker] o.t.d.DockerClientProviderStrategy       : Found Docker environment with local Npipe socket (npipe:////./pipe/docker_engine)
2021-12-29 15:46:14.112  INFO 20100 --- [    Test worker] org.testcontainers.DockerClientFactory   : Docker host IP address is localhost
2021-12-29 15:46:14.199  INFO 20100 --- [    Test worker] org.testcontainers.DockerClientFactory   : Connected to docker: 
  Server Version: 20.10.2
  API Version: 1.41
  Operating System: Docker Desktop
  Total Memory: 6229 MB
2021-12-29 15:46:14.202  INFO 20100 --- [    Test worker] o.t.utility.ImageNameSubstitutor         : Image name substitution will be performed by: DefaultImageNameSubstitutor (composite of 'ConfigurationFileImageNameSubstitutor' and 'PrefixingImageNameSubstitutor')
2021-12-29 15:46:14.574  INFO 20100 --- [    Test worker] o.t.utility.RegistryAuthLocator          : Credential helper/store (docker-credential-desktop) does not have credentials for index.docker.io
2021-12-29 15:46:18.561  INFO 20100 --- [    Test worker] org.testcontainers.DockerClientFactory   : Ryuk started - will monitor and terminate Testcontainers containers on JVM exit
2021-12-29 15:46:18.561  INFO 20100 --- [    Test worker] org.testcontainers.DockerClientFactory   : Checking the system...
2021-12-29 15:46:18.563  INFO 20100 --- [    Test worker] org.testcontainers.DockerClientFactory   : ?? Docker server version should be at least 1.6.0
2021-12-29 15:46:18.721  INFO 20100 --- [    Test worker] org.testcontainers.DockerClientFactory   : ?? Docker environment should have more than 2GB free disk space
2021-12-29 15:46:18.751  INFO 20100 --- [    Test worker] docker[postgres:13]                      : Creating container for image: postgres:13
2021-12-29 15:46:18.830  INFO 20100 --- [    Test worker] docker[postgres:13]                      : Starting container with ID: b7c049f93339e4790cd0083becf9a1d48863ad2ffee878afa6b33efd307803fa
2021-12-29 15:46:19.417  INFO 20100 --- [    Test worker] docker[postgres:13]                      : Container postgres:13 is starting: b7c049f93339e4790cd0083becf9a1d48863ad2ffee878afa6b33efd307803fa
2021-12-29 15:46:21.320  INFO 20100 --- [    Test worker] docker[postgres:13]                      : Container postgres:13 started in PT2.5964761S
2021-12-29 15:46:21.422  INFO 20100 --- [    Test worker] com.zaxxer.hikari.HikariDataSource       : HikariPool-1 - Start completed.
2021-12-29 15:46:22.422  INFO 20100 --- [    Test worker] liquibase.executor.jvm.JdbcExecutor      : SELECT COUNT(*) FROM public.databasechangeloglock
2021-12-29 15:46:22.438  INFO 20100 --- [    Test worker] liquibase.executor.jvm.JdbcExecutor      : CREATE TABLE public.databasechangeloglock (ID INTEGER NOT NULL, LOCKED BOOLEAN NOT NULL, LOCKGRANTED TIMESTAMP WITHOUT TIME ZONE, LOCKEDBY VARCHAR(255), CONSTRAINT DATABASECHANGELOGLOCK_PKEY PRIMARY KEY (ID))
2021-12-29 15:46:22.446  INFO 20100 --- [    Test worker] liquibase.executor.jvm.JdbcExecutor      : SELECT COUNT(*) FROM public.databasechangeloglock
2021-12-29 15:46:22.449  INFO 20100 --- [    Test worker] liquibase.executor.jvm.JdbcExecutor      : DELETE FROM public.databasechangeloglock
2021-12-29 15:46:22.451  INFO 20100 --- [    Test worker] liquibase.executor.jvm.JdbcExecutor      : INSERT INTO public.databasechangeloglock (ID, LOCKED) VALUES (1, FALSE)
2021-12-29 15:46:22.456  INFO 20100 --- [    Test worker] liquibase.executor.jvm.JdbcExecutor      : SELECT LOCKED FROM public.databasechangeloglock WHERE ID=1
2021-12-29 15:46:22.465  INFO 20100 --- [    Test worker] l.lockservice.StandardLockService        : Successfully acquired change log lock
2021-12-29 15:46:23.457  INFO 20100 --- [    Test worker] l.c.StandardChangeLogHistoryService      : Creating database history table with name: public.databasechangelog
2021-12-29 15:46:23.459  INFO 20100 --- [    Test worker] liquibase.executor.jvm.JdbcExecutor      : CREATE TABLE public.databasechangelog (ID VARCHAR(255) NOT NULL, AUTHOR VARCHAR(255) NOT NULL, FILENAME VARCHAR(255) NOT NULL, DATEEXECUTED TIMESTAMP WITHOUT TIME ZONE NOT NULL, ORDEREXECUTED INTEGER NOT NULL, EXECTYPE VARCHAR(10) NOT NULL, MD5SUM VARCHAR(35), DESCRIPTION VARCHAR(255), COMMENTS VARCHAR(255), TAG VARCHAR(255), LIQUIBASE VARCHAR(20), CONTEXTS VARCHAR(255), LABELS VARCHAR(255), DEPLOYMENT_ID VARCHAR(10))
2021-12-29 15:46:23.464  INFO 20100 --- [    Test worker] liquibase.executor.jvm.JdbcExecutor      : SELECT COUNT(*) FROM public.databasechangelog
2021-12-29 15:46:23.466  INFO 20100 --- [    Test worker] l.c.StandardChangeLogHistoryService      : Reading from public.databasechangelog
2021-12-29 15:46:23.467  INFO 20100 --- [    Test worker] liquibase.executor.jvm.JdbcExecutor      : SELECT * FROM public.databasechangelog ORDER BY DATEEXECUTED ASC, ORDEREXECUTED ASC
2021-12-29 15:46:23.471  INFO 20100 --- [    Test worker] liquibase.executor.jvm.JdbcExecutor      : SELECT COUNT(*) FROM public.databasechangeloglock
2021-12-29 15:46:23.487  INFO 20100 --- [    Test worker] liquibase.executor.jvm.JdbcExecutor      : CREATE SEQUENCE IF NOT EXISTS hibernate_sequence;

CREATE TABLE test1(
     id BIGSERIAL NOT NULL PRIMARY KEY,
     name VARCHAR NOT NULL
)
2021-12-29 15:46:23.494  INFO 20100 --- [    Test worker] liquibase.changelog.ChangeSet            : SQL in file db.changelog/20211125_init.sql executed
2021-12-29 15:46:23.496  INFO 20100 --- [    Test worker] liquibase.changelog.ChangeSet            : ChangeSet classpath:db.changelog.yaml::20211125_init.sql::Zuzanna Borkowska ran successfully in 13ms
2021-12-29 15:46:23.497  INFO 20100 --- [    Test worker] liquibase.executor.jvm.JdbcExecutor      : SELECT MAX(ORDEREXECUTED) FROM public.databasechangelog
2021-12-29 15:46:23.500  INFO 20100 --- [    Test worker] liquibase.executor.jvm.JdbcExecutor      : INSERT INTO public.databasechangelog (ID, AUTHOR, FILENAME, DATEEXECUTED, ORDEREXECUTED, MD5SUM, DESCRIPTION, COMMENTS, EXECTYPE, CONTEXTS, LABELS, LIQUIBASE, DEPLOYMENT_ID) VALUES ('20211125_init.sql', 'Zuzanna Borkowska', 'classpath:db.changelog.yaml', NOW(), 1, '8:19c992f91f3830a15a32c132f85a77e5', 'sqlFile', '', 'EXECUTED', NULL, NULL, '3.8.9', '0789183473')
2021-12-29 15:46:23.508  INFO 20100 --- [    Test worker] liquibase.executor.jvm.JdbcExecutor      : CREATE TABLE user_role(
   id BIGINT NOT NULL PRIMARY KEY,
   role VARCHAR(20)

);
CREATE TABLE "user"(
   id BIGINT NOT NULL,
   firstname VARCHAR(100) NOT NULL,
   lastname VARCHAR(100) NOT NULL,
   birth_date VARCHAR(100) NOT NULL,
   email VARCHAR(100) NOT NULL,
   password VARCHAR(100) NOT NULL,
   role_id BIGINT NOT NULL,

   CONSTRAINT fk_user_role_id FOREIGN KEY (role_id) REFERENCES user_role(id),
   PRIMARY KEY(id)
)
2021-12-29 15:46:23.518  INFO 20100 --- [    Test worker] liquibase.changelog.ChangeSet            : SQL in file db.changelog/20211128_add_users.sql executed
2021-12-29 15:46:23.520  INFO 20100 --- [    Test worker] liquibase.changelog.ChangeSet            : ChangeSet classpath:db.changelog.yaml::20211128_add_users.sql::Zuzanna Borkowska ran successfully in 15ms
2021-12-29 15:46:23.521  INFO 20100 --- [    Test worker] liquibase.executor.jvm.JdbcExecutor      : INSERT INTO public.databasechangelog (ID, AUTHOR, FILENAME, DATEEXECUTED, ORDEREXECUTED, MD5SUM, DESCRIPTION, COMMENTS, EXECTYPE, CONTEXTS, LABELS, LIQUIBASE, DEPLOYMENT_ID) VALUES ('20211128_add_users.sql', 'Zuzanna Borkowska', 'classpath:db.changelog.yaml', NOW(), 2, '8:339996f16d422051e8bbafbb52d55fbc', 'sqlFile', '', 'EXECUTED', NULL, NULL, '3.8.9', '0789183473')
2021-12-29 15:46:23.530  INFO 20100 --- [    Test worker] l.lockservice.StandardLockService        : Successfully released change log lock
2021-12-29 15:46:23.683  INFO 20100 --- [    Test worker] o.s.s.concurrent.ThreadPoolTaskExecutor  : Initializing ExecutorService 'applicationTaskExecutor'
2021-12-29 15:46:23.777  INFO 20100 --- [         task-1] o.hibernate.jpa.internal.util.LogHelper  : HHH000204: Processing PersistenceUnitInfo [name: default]
2021-12-29 15:46:23.825  WARN 20100 --- [    Test worker] JpaBaseConfiguration$JpaWebConfiguration : spring.jpa.open-in-view is enabled by default. Therefore, database queries may be performed during view rendering. Explicitly configure spring.jpa.open-in-view to disable this warning
2021-12-29 15:46:23.869  INFO 20100 --- [         task-1] org.hibernate.Version                    : HHH000412: Hibernate ORM core version 5.4.20.Final
2021-12-29 15:46:24.145  INFO 20100 --- [         task-1] o.hibernate.annotations.common.Version   : HCANN000001: Hibernate Commons Annotations {5.1.0.Final}
2021-12-29 15:46:24.402  INFO 20100 --- [         task-1] org.hibernate.dialect.Dialect            : HHH000400: Using dialect: org.hibernate.dialect.PostgreSQL10Dialect
2021-12-29 15:46:24.888  INFO 20100 --- [    Test worker] .s.s.UserDetailsServiceAutoConfiguration : 

Using generated security password: c196ef68-4e6b-4860-9c7b-e46ed3e5cd77

2021-12-29 15:46:25.104  INFO 20100 --- [    Test worker] o.s.s.web.DefaultSecurityFilterChain     : Creating filter chain: any request, [org.springframework.security.web.context.request.async.WebAsyncManagerIntegrationFilter@89fdfe8, org.springframework.security.web.context.SecurityContextPersistenceFilter@28552fef, org.springframework.security.web.header.HeaderWriterFilter@35028708, org.springframework.security.web.authentication.logout.LogoutFilter@350a6f9f, org.springframework.security.web.savedrequest.RequestCacheAwareFilter@4d2c091a, org.springframework.security.web.servletapi.SecurityContextHolderAwareRequestFilter@1ae5378e, org.springframework.security.web.authentication.AnonymousAuthenticationFilter@31b0f809, org.springframework.security.web.session.SessionManagementFilter@3eba2e4c, org.springframework.security.web.access.ExceptionTranslationFilter@621c4359, org.springframework.security.web.access.intercept.FilterSecurityInterceptor@45dda247]
2021-12-29 15:46:25.486  INFO 20100 --- [         task-1] o.h.e.t.j.p.i.JtaPlatformInitiator       : HHH000490: Using JtaPlatform implementation: [org.hibernate.engine.transaction.jta.platform.internal.NoJtaPlatform]
2021-12-29 15:46:25.506  INFO 20100 --- [         task-1] j.LocalContainerEntityManagerFactoryBean : Initialized JPA EntityManagerFactory for persistence unit 'default'
2021-12-29 15:46:25.539  INFO 20100 --- [    Test worker] o.s.b.w.embedded.tomcat.TomcatWebServer  : Tomcat started on port(s): 64779 (http) with context path '/api'
2021-12-29 15:46:25.543  INFO 20100 --- [    Test worker] DeferredRepositoryInitializationListener : Triggering deferred initialization of Spring Data repositories…
2021-12-29 15:46:25.959  INFO 20100 --- [    Test worker] DeferredRepositoryInitializationListener : Spring Data repositories initialized!
2021-12-29 15:46:25.971  INFO 20100 --- [    Test worker] p.e.pjwstk.pro.TestRegistrationAndLogin  : Started TestRegistrationAndLogin in 16.288 seconds (JVM running for 18.014)
2021-12-29 15:46:26.892  INFO 20100 --- [o-auto-1-exec-1] o.a.c.c.C.[Tomcat].[localhost].[/api]    : Initializing Spring DispatcherServlet 'dispatcherServlet'
2021-12-29 15:46:26.892  INFO 20100 --- [o-auto-1-exec-1] o.s.web.servlet.DispatcherServlet        : Initializing Servlet 'dispatcherServlet'
2021-12-29 15:46:26.920  INFO 20100 --- [o-auto-1-exec-1] o.s.web.servlet.DispatcherServlet        : Completed initialization in 28 ms
2021-12-29 15:46:32.151  WARN 20100 --- [o-auto-1-exec-3] o.a.c.util.SessionIdGeneratorBase        : Creation of SecureRandom instance for session ID generation using [SHA1PRNG] took [400] milliseconds.
]]></system-out>
  <system-err><![CDATA[]]></system-err>
</testsuite>
